<?xml version="1.0" encoding="UTF-8"?>
<testsuite xmlns:xsi="http://www.w3.org/2001/XMLSchema-instance" xsi:noNamespaceSchemaLocation="https://maven.apache.org/surefire/maven-surefire-plugin/xsd/surefire-test-report-3.0.xsd" version="3.0" name="TestGoogle.TestPage" time="30.16" tests="2" errors="0" skipped="0" failures="1">
  <properties>
    <property name="java.specification.version" value="13"/>
    <property name="sun.jnu.encoding" value="UTF-8"/>
    <property name="java.class.path" value="/Users/sanuwar/IdeaProjects/Bootcamp_WeekDays_Selenium_December2019/Google/target/test-classes:/Users/sanuwar/IdeaProjects/Bootcamp_WeekDays_Selenium_December2019/Google/target/classes:/Users/sanuwar/.m2/repository/org/seleniumhq/selenium/selenium-chrome-driver/3.141.59/selenium-chrome-driver-3.141.59.jar:/Users/sanuwar/.m2/repository/org/seleniumhq/selenium/selenium-api/3.141.59/selenium-api-3.141.59.jar:/Users/sanuwar/.m2/repository/org/seleniumhq/selenium/selenium-remote-driver/3.141.59/selenium-remote-driver-3.141.59.jar:/Users/sanuwar/.m2/repository/net/bytebuddy/byte-buddy/1.8.15/byte-buddy-1.8.15.jar:/Users/sanuwar/.m2/repository/org/apache/commons/commons-exec/1.3/commons-exec-1.3.jar:/Users/sanuwar/.m2/repository/com/google/guava/guava/25.0-jre/guava-25.0-jre.jar:/Users/sanuwar/.m2/repository/com/google/code/findbugs/jsr305/1.3.9/jsr305-1.3.9.jar:/Users/sanuwar/.m2/repository/org/checkerframework/checker-compat-qual/2.0.0/checker-compat-qual-2.0.0.jar:/Users/sanuwar/.m2/repository/com/google/errorprone/error_prone_annotations/2.1.3/error_prone_annotations-2.1.3.jar:/Users/sanuwar/.m2/repository/com/google/j2objc/j2objc-annotations/1.1/j2objc-annotations-1.1.jar:/Users/sanuwar/.m2/repository/org/codehaus/mojo/animal-sniffer-annotations/1.14/animal-sniffer-annotations-1.14.jar:/Users/sanuwar/.m2/repository/com/squareup/okhttp3/okhttp/3.11.0/okhttp-3.11.0.jar:/Users/sanuwar/.m2/repository/com/squareup/okio/okio/1.14.0/okio-1.14.0.jar:/Users/sanuwar/IdeaProjects/Bootcamp_WeekDays_Selenium_December2019/Generic/target/classes:/Users/sanuwar/.m2/repository/org/seleniumhq/selenium/selenium-java/3.141.59/selenium-java-3.141.59.jar:/Users/sanuwar/.m2/repository/org/seleniumhq/selenium/selenium-edge-driver/3.141.59/selenium-edge-driver-3.141.59.jar:/Users/sanuwar/.m2/repository/org/seleniumhq/selenium/selenium-firefox-driver/3.141.59/selenium-firefox-driver-3.141.59.jar:/Users/sanuwar/.m2/repository/org/seleniumhq/selenium/selenium-ie-driver/3.141.59/selenium-ie-driver-3.141.59.jar:/Users/sanuwar/.m2/repository/org/seleniumhq/selenium/selenium-opera-driver/3.141.59/selenium-opera-driver-3.141.59.jar:/Users/sanuwar/.m2/repository/org/seleniumhq/selenium/selenium-safari-driver/3.141.59/selenium-safari-driver-3.141.59.jar:/Users/sanuwar/.m2/repository/org/seleniumhq/selenium/selenium-support/3.141.59/selenium-support-3.141.59.jar:/Users/sanuwar/.m2/repository/org/seleniumhq/selenium/selenium-server/3.141.59/selenium-server-3.141.59.jar:/Users/sanuwar/.m2/repository/com/beust/jcommander/1.72/jcommander-1.72.jar:/Users/sanuwar/.m2/repository/net/jcip/jcip-annotations/1.0/jcip-annotations-1.0.jar:/Users/sanuwar/.m2/repository/org/seleniumhq/selenium/jetty-repacked/9.4.12.v20180830/jetty-repacked-9.4.12.v20180830.jar:/Users/sanuwar/.m2/repository/javax/servlet/javax.servlet-api/3.1.0/javax.servlet-api-3.1.0.jar:/Users/sanuwar/.m2/repository/org/yaml/snakeyaml/1.19/snakeyaml-1.19.jar:/Users/sanuwar/.m2/repository/org/testng/testng/7.1.0/testng-7.1.0.jar:/Users/sanuwar/.m2/repository/com/google/inject/guice/4.1.0/guice-4.1.0-no_aop.jar:/Users/sanuwar/.m2/repository/javax/inject/javax.inject/1/javax.inject-1.jar:/Users/sanuwar/.m2/repository/aopalliance/aopalliance/1.0/aopalliance-1.0.jar:/Users/sanuwar/.m2/repository/org/mongodb/mongo-java-driver/3.6.0-beta1/mongo-java-driver-3.6.0-beta1.jar:/Users/sanuwar/.m2/repository/mysql/mysql-connector-java/8.0.17/mysql-connector-java-8.0.17.jar:/Users/sanuwar/.m2/repository/com/google/protobuf/protobuf-java/3.6.1/protobuf-java-3.6.1.jar:/Users/sanuwar/.m2/repository/org/apache/poi/poi/3.17/poi-3.17.jar:/Users/sanuwar/.m2/repository/commons-codec/commons-codec/1.10/commons-codec-1.10.jar:/Users/sanuwar/.m2/repository/org/apache/commons/commons-collections4/4.1/commons-collections4-4.1.jar:/Users/sanuwar/.m2/repository/org/apache/poi/poi-ooxml/3.17/poi-ooxml-3.17.jar:/Users/sanuwar/.m2/repository/org/apache/poi/poi-ooxml-schemas/3.17/poi-ooxml-schemas-3.17.jar:/Users/sanuwar/.m2/repository/org/apache/xmlbeans/xmlbeans/2.6.0/xmlbeans-2.6.0.jar:/Users/sanuwar/.m2/repository/stax/stax-api/1.0.1/stax-api-1.0.1.jar:/Users/sanuwar/.m2/repository/com/github/virtuald/curvesapi/1.04/curvesapi-1.04.jar:/Users/sanuwar/.m2/repository/com/aventstack/extentreports/4.0.9/extentreports-4.0.9.jar:/Users/sanuwar/.m2/repository/org/freemarker/freemarker/2.3.23/freemarker-2.3.23.jar:/Users/sanuwar/.m2/repository/org/mongodb/mongodb-driver/3.3.0/mongodb-driver-3.3.0.jar:/Users/sanuwar/.m2/repository/org/mongodb/mongodb-driver-core/3.3.0/mongodb-driver-core-3.3.0.jar:/Users/sanuwar/.m2/repository/org/mongodb/bson/3.3.0/bson-3.3.0.jar:/Users/sanuwar/.m2/repository/org/apache/httpcomponents/httpclient/4.5.2/httpclient-4.5.2.jar:/Users/sanuwar/.m2/repository/org/apache/httpcomponents/httpcore/4.4.4/httpcore-4.4.4.jar:/Users/sanuwar/.m2/repository/commons-logging/commons-logging/1.2/commons-logging-1.2.jar:/Users/sanuwar/.m2/repository/org/apache/httpcomponents/httpmime/4.5.2/httpmime-4.5.2.jar:/Users/sanuwar/.m2/repository/com/google/code/gson/gson/2.8.5/gson-2.8.5.jar:/Users/sanuwar/.m2/repository/com/relevantcodes/extentreports/2.41.2/extentreports-2.41.2.jar:/Users/sanuwar/.m2/repository/org/jsoup/jsoup/1.8.3/jsoup-1.8.3.jar:/Users/sanuwar/.m2/repository/org/xerial/sqlite-jdbc/3.8.11.1/sqlite-jdbc-3.8.11.1.jar:/Users/sanuwar/.m2/repository/org/apache/commons/commons-lang3/3.0/commons-lang3-3.0.jar:/Users/sanuwar/.m2/repository/commons-io/commons-io/2.5/commons-io-2.5.jar:/Users/sanuwar/.m2/repository/io/cucumber/cucumber-core/5.2.0/cucumber-core-5.2.0.jar:/Users/sanuwar/.m2/repository/io/cucumber/cucumber-gherkin/5.2.0/cucumber-gherkin-5.2.0.jar:/Users/sanuwar/.m2/repository/io/cucumber/cucumber-gherkin-vintage/5.2.0/cucumber-gherkin-vintage-5.2.0.jar:/Users/sanuwar/.m2/repository/io/cucumber/tag-expressions/2.0.4/tag-expressions-2.0.4.jar:/Users/sanuwar/.m2/repository/io/cucumber/cucumber-expressions/8.3.1/cucumber-expressions-8.3.1.jar:/Users/sanuwar/.m2/repository/io/cucumber/datatable/3.3.0/datatable-3.3.0.jar:/Users/sanuwar/.m2/repository/io/cucumber/cucumber-plugin/5.2.0/cucumber-plugin-5.2.0.jar:/Users/sanuwar/.m2/repository/io/cucumber/docstring/5.2.0/docstring-5.2.0.jar:/Users/sanuwar/.m2/repository/org/apiguardian/apiguardian-api/1.1.0/apiguardian-api-1.1.0.jar:/Users/sanuwar/.m2/repository/io/cucumber/cucumber-html/0.2.7/cucumber-html-0.2.7.jar:/Users/sanuwar/.m2/repository/io/cucumber/cucumber-java/5.2.0/cucumber-java-5.2.0.jar:/Users/sanuwar/.m2/repository/net/masterthought/cucumber-reporting/5.0.2/cucumber-reporting-5.0.2.jar:/Users/sanuwar/.m2/repository/com/fasterxml/jackson/core/jackson-databind/2.10.1/jackson-databind-2.10.1.jar:/Users/sanuwar/.m2/repository/com/fasterxml/jackson/core/jackson-annotations/2.10.1/jackson-annotations-2.10.1.jar:/Users/sanuwar/.m2/repository/com/fasterxml/jackson/core/jackson-core/2.10.1/jackson-core-2.10.1.jar:/Users/sanuwar/.m2/repository/com/fasterxml/jackson/datatype/jackson-datatype-jsr310/2.10.1/jackson-datatype-jsr310-2.10.1.jar:/Users/sanuwar/.m2/repository/org/apache/velocity/velocity-engine-core/2.1/velocity-engine-core-2.1.jar:/Users/sanuwar/.m2/repository/org/slf4j/slf4j-api/1.7.26/slf4j-api-1.7.26.jar:/Users/sanuwar/.m2/repository/commons-collections/commons-collections/3.2.2/commons-collections-3.2.2.jar:/Users/sanuwar/.m2/repository/joda-time/joda-time/2.10.5/joda-time-2.10.5.jar:/Users/sanuwar/.m2/repository/org/codehaus/plexus/plexus-utils/3.3.0/plexus-utils-3.3.0.jar:/Users/sanuwar/.m2/repository/com/googlecode/owasp-java-html-sanitizer/owasp-java-html-sanitizer/20191001.1/owasp-java-html-sanitizer-20191001.1.jar:/Users/sanuwar/.m2/repository/commons-configuration/commons-configuration/1.10/commons-configuration-1.10.jar:/Users/sanuwar/.m2/repository/commons-lang/commons-lang/2.6/commons-lang-2.6.jar:/Users/sanuwar/.m2/repository/io/cucumber/gherkin/5.1.0/gherkin-5.1.0.jar:/Users/sanuwar/.m2/repository/io/cucumber/gherkin-jvm-deps/1.0.4/gherkin-jvm-deps-1.0.4.jar:/Users/sanuwar/.m2/repository/io/cucumber/cucumber-testng/5.1.3/cucumber-testng-5.1.3.jar:/Users/sanuwar/.m2/repository/io/cucumber/cucumber-picocontainer/5.1.3/cucumber-picocontainer-5.1.3.jar:/Users/sanuwar/.m2/repository/org/picocontainer/picocontainer/2.15/picocontainer-2.15.jar:/Users/sanuwar/.m2/repository/com/googlecode/json-simple/json-simple/1.1.1/json-simple-1.1.1.jar:/Users/sanuwar/.m2/repository/junit/junit/4.13/junit-4.13.jar:/Users/sanuwar/.m2/repository/org/hamcrest/hamcrest-core/2.2/hamcrest-core-2.2.jar:/Users/sanuwar/.m2/repository/org/hamcrest/hamcrest/2.2/hamcrest-2.2.jar:/Users/sanuwar/.m2/repository/org/junit/jupiter/junit-jupiter/5.6.0/junit-jupiter-5.6.0.jar:/Users/sanuwar/.m2/repository/org/junit/jupiter/junit-jupiter-api/5.6.0/junit-jupiter-api-5.6.0.jar:/Users/sanuwar/.m2/repository/org/opentest4j/opentest4j/1.2.0/opentest4j-1.2.0.jar:/Users/sanuwar/.m2/repository/org/junit/platform/junit-platform-commons/1.6.0/junit-platform-commons-1.6.0.jar:/Users/sanuwar/.m2/repository/org/junit/jupiter/junit-jupiter-params/5.6.0/junit-jupiter-params-5.6.0.jar:/Users/sanuwar/.m2/repository/org/junit/jupiter/junit-jupiter-engine/5.6.0/junit-jupiter-engine-5.6.0.jar:/Users/sanuwar/.m2/repository/org/junit/platform/junit-platform-engine/1.6.0/junit-platform-engine-1.6.0.jar:"/>
    <property name="java.vm.vendor" value="Oracle Corporation"/>
    <property name="sun.arch.data.model" value="64"/>
    <property name="java.vendor.url" value="https://java.oracle.com/"/>
    <property name="os.name" value="Mac OS X"/>
    <property name="java.vm.specification.version" value="13"/>
    <property name="sun.java.launcher" value="SUN_STANDARD"/>
    <property name="user.country" value="US"/>
    <property name="sun.boot.library.path" value="/Library/Java/JavaVirtualMachines/jdk-13.0.1.jdk/Contents/Home/lib"/>
    <property name="sun.java.command" value="/Users/sanuwar/IdeaProjects/Bootcamp_WeekDays_Selenium_December2019/Google/target/surefire/surefirebooter7851258590837721706.jar /Users/sanuwar/IdeaProjects/Bootcamp_WeekDays_Selenium_December2019/Google/target/surefire 2020-02-26T21-11-45_358-jvmRun1 surefire2625704578070575404tmp surefire_0948233604353257972tmp"/>
    <property name="http.nonProxyHosts" value="local|*.local|169.254/16|*.169.254/16"/>
    <property name="jdk.debug" value="release"/>
    <property name="surefire.test.class.path" value="/Users/sanuwar/IdeaProjects/Bootcamp_WeekDays_Selenium_December2019/Google/target/test-classes:/Users/sanuwar/IdeaProjects/Bootcamp_WeekDays_Selenium_December2019/Google/target/classes:/Users/sanuwar/.m2/repository/org/seleniumhq/selenium/selenium-chrome-driver/3.141.59/selenium-chrome-driver-3.141.59.jar:/Users/sanuwar/.m2/repository/org/seleniumhq/selenium/selenium-api/3.141.59/selenium-api-3.141.59.jar:/Users/sanuwar/.m2/repository/org/seleniumhq/selenium/selenium-remote-driver/3.141.59/selenium-remote-driver-3.141.59.jar:/Users/sanuwar/.m2/repository/net/bytebuddy/byte-buddy/1.8.15/byte-buddy-1.8.15.jar:/Users/sanuwar/.m2/repository/org/apache/commons/commons-exec/1.3/commons-exec-1.3.jar:/Users/sanuwar/.m2/repository/com/google/guava/guava/25.0-jre/guava-25.0-jre.jar:/Users/sanuwar/.m2/repository/com/google/code/findbugs/jsr305/1.3.9/jsr305-1.3.9.jar:/Users/sanuwar/.m2/repository/org/checkerframework/checker-compat-qual/2.0.0/checker-compat-qual-2.0.0.jar:/Users/sanuwar/.m2/repository/com/google/errorprone/error_prone_annotations/2.1.3/error_prone_annotations-2.1.3.jar:/Users/sanuwar/.m2/repository/com/google/j2objc/j2objc-annotations/1.1/j2objc-annotations-1.1.jar:/Users/sanuwar/.m2/repository/org/codehaus/mojo/animal-sniffer-annotations/1.14/animal-sniffer-annotations-1.14.jar:/Users/sanuwar/.m2/repository/com/squareup/okhttp3/okhttp/3.11.0/okhttp-3.11.0.jar:/Users/sanuwar/.m2/repository/com/squareup/okio/okio/1.14.0/okio-1.14.0.jar:/Users/sanuwar/IdeaProjects/Bootcamp_WeekDays_Selenium_December2019/Generic/target/classes:/Users/sanuwar/.m2/repository/org/seleniumhq/selenium/selenium-java/3.141.59/selenium-java-3.141.59.jar:/Users/sanuwar/.m2/repository/org/seleniumhq/selenium/selenium-edge-driver/3.141.59/selenium-edge-driver-3.141.59.jar:/Users/sanuwar/.m2/repository/org/seleniumhq/selenium/selenium-firefox-driver/3.141.59/selenium-firefox-driver-3.141.59.jar:/Users/sanuwar/.m2/repository/org/seleniumhq/selenium/selenium-ie-driver/3.141.59/selenium-ie-driver-3.141.59.jar:/Users/sanuwar/.m2/repository/org/seleniumhq/selenium/selenium-opera-driver/3.141.59/selenium-opera-driver-3.141.59.jar:/Users/sanuwar/.m2/repository/org/seleniumhq/selenium/selenium-safari-driver/3.141.59/selenium-safari-driver-3.141.59.jar:/Users/sanuwar/.m2/repository/org/seleniumhq/selenium/selenium-support/3.141.59/selenium-support-3.141.59.jar:/Users/sanuwar/.m2/repository/org/seleniumhq/selenium/selenium-server/3.141.59/selenium-server-3.141.59.jar:/Users/sanuwar/.m2/repository/com/beust/jcommander/1.72/jcommander-1.72.jar:/Users/sanuwar/.m2/repository/net/jcip/jcip-annotations/1.0/jcip-annotations-1.0.jar:/Users/sanuwar/.m2/repository/org/seleniumhq/selenium/jetty-repacked/9.4.12.v20180830/jetty-repacked-9.4.12.v20180830.jar:/Users/sanuwar/.m2/repository/javax/servlet/javax.servlet-api/3.1.0/javax.servlet-api-3.1.0.jar:/Users/sanuwar/.m2/repository/org/yaml/snakeyaml/1.19/snakeyaml-1.19.jar:/Users/sanuwar/.m2/repository/org/testng/testng/7.1.0/testng-7.1.0.jar:/Users/sanuwar/.m2/repository/com/google/inject/guice/4.1.0/guice-4.1.0-no_aop.jar:/Users/sanuwar/.m2/repository/javax/inject/javax.inject/1/javax.inject-1.jar:/Users/sanuwar/.m2/repository/aopalliance/aopalliance/1.0/aopalliance-1.0.jar:/Users/sanuwar/.m2/repository/org/mongodb/mongo-java-driver/3.6.0-beta1/mongo-java-driver-3.6.0-beta1.jar:/Users/sanuwar/.m2/repository/mysql/mysql-connector-java/8.0.17/mysql-connector-java-8.0.17.jar:/Users/sanuwar/.m2/repository/com/google/protobuf/protobuf-java/3.6.1/protobuf-java-3.6.1.jar:/Users/sanuwar/.m2/repository/org/apache/poi/poi/3.17/poi-3.17.jar:/Users/sanuwar/.m2/repository/commons-codec/commons-codec/1.10/commons-codec-1.10.jar:/Users/sanuwar/.m2/repository/org/apache/commons/commons-collections4/4.1/commons-collections4-4.1.jar:/Users/sanuwar/.m2/repository/org/apache/poi/poi-ooxml/3.17/poi-ooxml-3.17.jar:/Users/sanuwar/.m2/repository/org/apache/poi/poi-ooxml-schemas/3.17/poi-ooxml-schemas-3.17.jar:/Users/sanuwar/.m2/repository/org/apache/xmlbeans/xmlbeans/2.6.0/xmlbeans-2.6.0.jar:/Users/sanuwar/.m2/repository/stax/stax-api/1.0.1/stax-api-1.0.1.jar:/Users/sanuwar/.m2/repository/com/github/virtuald/curvesapi/1.04/curvesapi-1.04.jar:/Users/sanuwar/.m2/repository/com/aventstack/extentreports/4.0.9/extentreports-4.0.9.jar:/Users/sanuwar/.m2/repository/org/freemarker/freemarker/2.3.23/freemarker-2.3.23.jar:/Users/sanuwar/.m2/repository/org/mongodb/mongodb-driver/3.3.0/mongodb-driver-3.3.0.jar:/Users/sanuwar/.m2/repository/org/mongodb/mongodb-driver-core/3.3.0/mongodb-driver-core-3.3.0.jar:/Users/sanuwar/.m2/repository/org/mongodb/bson/3.3.0/bson-3.3.0.jar:/Users/sanuwar/.m2/repository/org/apache/httpcomponents/httpclient/4.5.2/httpclient-4.5.2.jar:/Users/sanuwar/.m2/repository/org/apache/httpcomponents/httpcore/4.4.4/httpcore-4.4.4.jar:/Users/sanuwar/.m2/repository/commons-logging/commons-logging/1.2/commons-logging-1.2.jar:/Users/sanuwar/.m2/repository/org/apache/httpcomponents/httpmime/4.5.2/httpmime-4.5.2.jar:/Users/sanuwar/.m2/repository/com/google/code/gson/gson/2.8.5/gson-2.8.5.jar:/Users/sanuwar/.m2/repository/com/relevantcodes/extentreports/2.41.2/extentreports-2.41.2.jar:/Users/sanuwar/.m2/repository/org/jsoup/jsoup/1.8.3/jsoup-1.8.3.jar:/Users/sanuwar/.m2/repository/org/xerial/sqlite-jdbc/3.8.11.1/sqlite-jdbc-3.8.11.1.jar:/Users/sanuwar/.m2/repository/org/apache/commons/commons-lang3/3.0/commons-lang3-3.0.jar:/Users/sanuwar/.m2/repository/commons-io/commons-io/2.5/commons-io-2.5.jar:/Users/sanuwar/.m2/repository/io/cucumber/cucumber-core/5.2.0/cucumber-core-5.2.0.jar:/Users/sanuwar/.m2/repository/io/cucumber/cucumber-gherkin/5.2.0/cucumber-gherkin-5.2.0.jar:/Users/sanuwar/.m2/repository/io/cucumber/cucumber-gherkin-vintage/5.2.0/cucumber-gherkin-vintage-5.2.0.jar:/Users/sanuwar/.m2/repository/io/cucumber/tag-expressions/2.0.4/tag-expressions-2.0.4.jar:/Users/sanuwar/.m2/repository/io/cucumber/cucumber-expressions/8.3.1/cucumber-expressions-8.3.1.jar:/Users/sanuwar/.m2/repository/io/cucumber/datatable/3.3.0/datatable-3.3.0.jar:/Users/sanuwar/.m2/repository/io/cucumber/cucumber-plugin/5.2.0/cucumber-plugin-5.2.0.jar:/Users/sanuwar/.m2/repository/io/cucumber/docstring/5.2.0/docstring-5.2.0.jar:/Users/sanuwar/.m2/repository/org/apiguardian/apiguardian-api/1.1.0/apiguardian-api-1.1.0.jar:/Users/sanuwar/.m2/repository/io/cucumber/cucumber-html/0.2.7/cucumber-html-0.2.7.jar:/Users/sanuwar/.m2/repository/io/cucumber/cucumber-java/5.2.0/cucumber-java-5.2.0.jar:/Users/sanuwar/.m2/repository/net/masterthought/cucumber-reporting/5.0.2/cucumber-reporting-5.0.2.jar:/Users/sanuwar/.m2/repository/com/fasterxml/jackson/core/jackson-databind/2.10.1/jackson-databind-2.10.1.jar:/Users/sanuwar/.m2/repository/com/fasterxml/jackson/core/jackson-annotations/2.10.1/jackson-annotations-2.10.1.jar:/Users/sanuwar/.m2/repository/com/fasterxml/jackson/core/jackson-core/2.10.1/jackson-core-2.10.1.jar:/Users/sanuwar/.m2/repository/com/fasterxml/jackson/datatype/jackson-datatype-jsr310/2.10.1/jackson-datatype-jsr310-2.10.1.jar:/Users/sanuwar/.m2/repository/org/apache/velocity/velocity-engine-core/2.1/velocity-engine-core-2.1.jar:/Users/sanuwar/.m2/repository/org/slf4j/slf4j-api/1.7.26/slf4j-api-1.7.26.jar:/Users/sanuwar/.m2/repository/commons-collections/commons-collections/3.2.2/commons-collections-3.2.2.jar:/Users/sanuwar/.m2/repository/joda-time/joda-time/2.10.5/joda-time-2.10.5.jar:/Users/sanuwar/.m2/repository/org/codehaus/plexus/plexus-utils/3.3.0/plexus-utils-3.3.0.jar:/Users/sanuwar/.m2/repository/com/googlecode/owasp-java-html-sanitizer/owasp-java-html-sanitizer/20191001.1/owasp-java-html-sanitizer-20191001.1.jar:/Users/sanuwar/.m2/repository/commons-configuration/commons-configuration/1.10/commons-configuration-1.10.jar:/Users/sanuwar/.m2/repository/commons-lang/commons-lang/2.6/commons-lang-2.6.jar:/Users/sanuwar/.m2/repository/io/cucumber/gherkin/5.1.0/gherkin-5.1.0.jar:/Users/sanuwar/.m2/repository/io/cucumber/gherkin-jvm-deps/1.0.4/gherkin-jvm-deps-1.0.4.jar:/Users/sanuwar/.m2/repository/io/cucumber/cucumber-testng/5.1.3/cucumber-testng-5.1.3.jar:/Users/sanuwar/.m2/repository/io/cucumber/cucumber-picocontainer/5.1.3/cucumber-picocontainer-5.1.3.jar:/Users/sanuwar/.m2/repository/org/picocontainer/picocontainer/2.15/picocontainer-2.15.jar:/Users/sanuwar/.m2/repository/com/googlecode/json-simple/json-simple/1.1.1/json-simple-1.1.1.jar:/Users/sanuwar/.m2/repository/junit/junit/4.13/junit-4.13.jar:/Users/sanuwar/.m2/repository/org/hamcrest/hamcrest-core/2.2/hamcrest-core-2.2.jar:/Users/sanuwar/.m2/repository/org/hamcrest/hamcrest/2.2/hamcrest-2.2.jar:/Users/sanuwar/.m2/repository/org/junit/jupiter/junit-jupiter/5.6.0/junit-jupiter-5.6.0.jar:/Users/sanuwar/.m2/repository/org/junit/jupiter/junit-jupiter-api/5.6.0/junit-jupiter-api-5.6.0.jar:/Users/sanuwar/.m2/repository/org/opentest4j/opentest4j/1.2.0/opentest4j-1.2.0.jar:/Users/sanuwar/.m2/repository/org/junit/platform/junit-platform-commons/1.6.0/junit-platform-commons-1.6.0.jar:/Users/sanuwar/.m2/repository/org/junit/jupiter/junit-jupiter-params/5.6.0/junit-jupiter-params-5.6.0.jar:/Users/sanuwar/.m2/repository/org/junit/jupiter/junit-jupiter-engine/5.6.0/junit-jupiter-engine-5.6.0.jar:/Users/sanuwar/.m2/repository/org/junit/platform/junit-platform-engine/1.6.0/junit-platform-engine-1.6.0.jar:"/>
    <property name="sun.cpu.endian" value="little"/>
    <property name="user.home" value="/Users/sanuwar"/>
    <property name="user.language" value="en"/>
    <property name="java.specification.vendor" value="Oracle Corporation"/>
    <property name="java.version.date" value="2019-10-15"/>
    <property name="java.home" value="/Library/Java/JavaVirtualMachines/jdk-13.0.1.jdk/Contents/Home"/>
    <property name="file.separator" value="/"/>
    <property name="basedir" value="/Users/sanuwar/IdeaProjects/Bootcamp_WeekDays_Selenium_December2019/Google"/>
    <property name="java.vm.compressedOopsMode" value="Zero based"/>
    <property name="line.separator" value="&#10;"/>
    <property name="java.specification.name" value="Java Platform API Specification"/>
    <property name="java.vm.specification.vendor" value="Oracle Corporation"/>
    <property name="surefire.real.class.path" value="/Users/sanuwar/IdeaProjects/Bootcamp_WeekDays_Selenium_December2019/Google/target/surefire/surefirebooter7851258590837721706.jar"/>
    <property name="sun.management.compiler" value="HotSpot 64-Bit Tiered Compilers"/>
    <property name="ftp.nonProxyHosts" value="local|*.local|169.254/16|*.169.254/16"/>
    <property name="java.runtime.version" value="13.0.1+9"/>
    <property name="user.name" value="sanuwar"/>
    <property name="path.separator" value=":"/>
    <property name="os.version" value="10.15.3"/>
    <property name="java.runtime.name" value="Java(TM) SE Runtime Environment"/>
    <property name="file.encoding" value="UTF-8"/>
    <property name="java.vm.name" value="Java HotSpot(TM) 64-Bit Server VM"/>
    <property name="localRepository" value="/Users/sanuwar/.m2/repository"/>
    <property name="java.vendor.url.bug" value="https://bugreport.java.com/bugreport/"/>
    <property name="java.io.tmpdir" value="/var/folders/ds/9jdlb0bd0958tk1m5q30c26m0000gn/T/"/>
    <property name="java.version" value="13.0.1"/>
    <property name="user.dir" value="/Users/sanuwar/IdeaProjects/Bootcamp_WeekDays_Selenium_December2019/Google"/>
    <property name="os.arch" value="x86_64"/>
    <property name="java.vm.specification.name" value="Java Virtual Machine Specification"/>
    <property name="java.library.path" value="/Users/sanuwar/Library/Java/Extensions:/Library/Java/Extensions:/Network/Library/Java/Extensions:/System/Library/Java/Extensions:/usr/lib/java:."/>
    <property name="java.vm.info" value="mixed mode, sharing"/>
    <property name="java.vendor" value="Oracle Corporation"/>
    <property name="java.vm.version" value="13.0.1+9"/>
    <property name="sun.io.unicode.encoding" value="UnicodeBig"/>
    <property name="socksNonProxyHosts" value="local|*.local|169.254/16|*.169.254/16"/>
    <property name="java.class.version" value="57.0"/>
  </properties>
  <testcase name="searchFromDatabase" classname="TestGoogle.TestPage" time="19.001"/>
  <testcase name="searchFromTable" classname="TestGoogle.TestPage" time="3.376">
    <failure message="Keys to send should be a not null CharSequence" type="java.lang.IllegalArgumentException">java.lang.IllegalArgumentException: Keys to send should be a not null CharSequence
	at TestGoogle.TestPage.searchFromTable(TestPage.java:43)
</failure>
    <system-out><![CDATA[null 
]]></system-out>
    <system-err><![CDATA[Starting ChromeDriver 79.0.3945.36 (3582db32b33893869b8c1339e8f4d9ed1816f143-refs/branch-heads/3945@{#614}) on port 24872
Only local connections are allowed.
Please protect ports used by ChromeDriver and related test frameworks to prevent access by malicious code.
[1582769529.750][WARNING]: This version of ChromeDriver has not been tested with Chrome version 80.
Feb 26, 2020 9:12:09 PM org.openqa.selenium.remote.ProtocolHandshake createSession
INFO: Detected dialect: W3C
Starting ChromeDriver 79.0.3945.36 (3582db32b33893869b8c1339e8f4d9ed1816f143-refs/branch-heads/3945@{#614}) on port 41484
Only local connections are allowed.
Please protect ports used by ChromeDriver and related test frameworks to prevent access by malicious code.
[1582769532.430][WARNING]: This version of ChromeDriver has not been tested with Chrome version 80.
Feb 26, 2020 9:12:12 PM org.openqa.selenium.remote.ProtocolHandshake createSession
INFO: Detected dialect: W3C
]]></system-err>
  </testcase>
</testsuite>